<?xml version="1.0" encoding="UTF-8"?>
<!-- Generated by org.testng.reporters.JUnitReportReporter -->
<testsuite hostname="Hassans-MBP" failures="0" tests="3" name="TestRunner" time="11.243" errors="0" timestamp="2022-10-16T12:54:32 EDT" skipped="0">
  <testcase classname="TestRunner" name="runScenario" time="3.074"/>
  <system-out/>
  <testcase classname="TestRunner" name="runScenario" time="5.159"/>
  <system-out/>
  <testcase classname="TestRunner" name="runScenario" time="3.010"/>
  <system-out/>
</testsuite> <!-- TestRunner -->
